<?xml version="1.0" encoding="UTF-8"?>
<testng-results ignored="0" total="2" passed="2" failed="0" skipped="0">
  <reporter-output>
  </reporter-output>
  <suite started-at="2022-12-11T16:54:32 IST" name="Suite" finished-at="2022-12-11T16:54:56 IST" duration-ms="23557">
    <groups>
    </groups>
    <test started-at="2022-12-11T16:54:32 IST" name="Test" finished-at="2022-12-11T16:54:56 IST" duration-ms="23557">
      <class name="org.testNGEx1.Example01">
        <test-method signature="testCase1()[pri:0, instance:org.testNGEx1.Example01@7722c3c3]" started-at="2022-12-11T16:54:32 IST" name="testCase1" finished-at="2022-12-11T16:54:47 IST" duration-ms="15082" status="PASS">
          <reporter-output>
          </reporter-output>
        </test-method> <!-- testCase1 -->
        <test-method signature="testCase2()[pri:0, instance:org.testNGEx1.Example01@7722c3c3]" started-at="2022-12-11T16:54:32 IST" name="testCase2" finished-at="2022-12-11T16:54:56 IST" duration-ms="23394" status="PASS">
          <reporter-output>
          </reporter-output>
        </test-method> <!-- testCase2 -->
      </class> <!-- org.testNGEx1.Example01 -->
    </test> <!-- Test -->
  </suite> <!-- Suite -->
</testng-results>
